0 info it worked if it ends with ok
1 verbose cli [ '/home/ubuntu/.nvm/v0.10.33/bin/node',
1 verbose cli   '/home/ubuntu/.nvm/v0.10.33/bin/npm',
1 verbose cli   'install',
1 verbose cli   'mongoose-ㄴㅊschema-formatdate',
1 verbose cli   '--save' ]
2 info using npm@1.4.28
3 info using node@v0.10.33
4 verbose readDependencies using package.json deps
5 verbose cache add [ 'mongoose-ㄴㅊschema-formatdate', null ]
6 verbose cache add name=undefined spec="mongoose-ㄴㅊschema-formatdate" args=["mongoose-ㄴㅊschema-formatdate",null]
7 verbose parsed url { protocol: null,
7 verbose parsed url   slashes: null,
7 verbose parsed url   auth: null,
7 verbose parsed url   host: null,
7 verbose parsed url   port: null,
7 verbose parsed url   hostname: null,
7 verbose parsed url   hash: null,
7 verbose parsed url   search: null,
7 verbose parsed url   query: null,
7 verbose parsed url   pathname: 'mongoose-ㄴㅊschema-formatdate',
7 verbose parsed url   path: 'mongoose-ㄴㅊschema-formatdate',
7 verbose parsed url   href: 'mongoose-ㄴㅊschema-formatdate' }
8 silly lockFile 1d9f90c2-mongoose-schema-formatdate mongoose-ㄴㅊschema-formatdate
9 verbose lock mongoose-ㄴㅊschema-formatdate /home/ubuntu/.npm/1d9f90c2-mongoose-schema-formatdate.lock
10 silly lockFile 1d9f90c2-mongoose-schema-formatdate mongoose-ㄴㅊschema-formatdate
11 silly lockFile 1d9f90c2-mongoose-schema-formatdate mongoose-ㄴㅊschema-formatdate
12 verbose addNamed [ 'mongoose-ㄴㅊschema-formatdate', '' ]
13 verbose addNamed [ null, '*' ]
14 silly lockFile e9d5291c-mongoose-schema-formatdate mongoose-ㄴㅊschema-formatdate@
15 verbose lock mongoose-ㄴㅊschema-formatdate@ /home/ubuntu/.npm/e9d5291c-mongoose-schema-formatdate.lock
16 silly addNameRange { name: 'mongoose-ㄴㅊschema-formatdate',
16 silly addNameRange   range: '*',
16 silly addNameRange   hasData: false }
17 verbose request where is /mongoose-ㄴㅊschema-formatdate
18 verbose request registry https://registry.npmjs.org/
19 verbose request id d491d0cc0a865a37
20 verbose url raw /mongoose-ㄴㅊschema-formatdate
21 verbose url resolving [ 'https://registry.npmjs.org/',
21 verbose url resolving   './mongoose-%E3%84%B4%E3%85%8Aschema-formatdate' ]
22 verbose url resolved https://registry.npmjs.org/mongoose-%E3%84%B4%E3%85%8Aschema-formatdate
23 verbose request where is https://registry.npmjs.org/mongoose-%E3%84%B4%E3%85%8Aschema-formatdate
24 info trying registry request attempt 1 at 09:17:04
25 http GET https://registry.npmjs.org/mongoose-%E3%84%B4%E3%85%8Aschema-formatdate
26 http 404 https://registry.npmjs.org/mongoose-%E3%84%B4%E3%85%8Aschema-formatdate
27 verbose headers { date: 'Wed, 11 Feb 2015 00:17:04 GMT',
27 verbose headers   server: 'CouchDB/1.5.0 (Erlang OTP/R16B03)',
27 verbose headers   'content-type': 'application/json',
27 verbose headers   'cache-control': 'max-age=0',
27 verbose headers   'content-length': '52',
27 verbose headers   'accept-ranges': 'bytes',
27 verbose headers   via: '1.1 varnish',
27 verbose headers   age: '0',
27 verbose headers   'x-served-by': 'cache-ord1731-ORD',
27 verbose headers   'x-cache': 'MISS',
27 verbose headers   'x-cache-hits': '0',
27 verbose headers   'x-timer': 'S1423613824.746372,VS0,VE67',
27 verbose headers   'keep-alive': 'timeout=10, max=50',
27 verbose headers   connection: 'Keep-Alive' }
28 silly registry.get cb [ 404,
28 silly registry.get   { date: 'Wed, 11 Feb 2015 00:17:04 GMT',
28 silly registry.get     server: 'CouchDB/1.5.0 (Erlang OTP/R16B03)',
28 silly registry.get     'content-type': 'application/json',
28 silly registry.get     'cache-control': 'max-age=0',
28 silly registry.get     'content-length': '52',
28 silly registry.get     'accept-ranges': 'bytes',
28 silly registry.get     via: '1.1 varnish',
28 silly registry.get     age: '0',
28 silly registry.get     'x-served-by': 'cache-ord1731-ORD',
28 silly registry.get     'x-cache': 'MISS',
28 silly registry.get     'x-cache-hits': '0',
28 silly registry.get     'x-timer': 'S1423613824.746372,VS0,VE67',
28 silly registry.get     'keep-alive': 'timeout=10, max=50',
28 silly registry.get     connection: 'Keep-Alive' } ]
29 silly lockFile e9d5291c-mongoose-schema-formatdate mongoose-ㄴㅊschema-formatdate@
30 silly lockFile e9d5291c-mongoose-schema-formatdate mongoose-ㄴㅊschema-formatdate@
31 error 404 404 Not Found: mongoose-%E3%84%B4%E3%85%8Aschema-formatdate
31 error 404
31 error 404 'mongoose-%E3%84%B4%E3%85%8Aschema-formatdate' is not in the npm registry.
31 error 404 You should bug the author to publish it
31 error 404 It was specified as a dependency of 'mongoDB'
31 error 404
31 error 404 Note that you can also install from a
31 error 404 tarball, folder, or http url, or git url.
32 error System Linux 3.14.13-c9
33 error command "/home/ubuntu/.nvm/v0.10.33/bin/node" "/home/ubuntu/.nvm/v0.10.33/bin/npm" "install" "mongoose-ㄴㅊschema-formatdate" "--save"
34 error cwd /home/ubuntu/workspace/mongoDB
35 error node -v v0.10.33
36 error npm -v 1.4.28
37 error code E404
38 verbose exit [ 1, true ]
