0 info it worked if it ends with ok
1 verbose cli [ '/home/ubuntu/.nvm/v0.10.33/bin/node',
1 verbose cli   '/home/ubuntu/.nvm/v0.10.33/bin/npm',
1 verbose cli   'install',
1 verbose cli   'node-cron' ]
2 info using npm@1.4.28
3 info using node@v0.10.33
4 verbose cache add [ 'node-cron', null ]
5 verbose cache add name=undefined spec="node-cron" args=["node-cron",null]
6 verbose parsed url { protocol: null,
6 verbose parsed url   slashes: null,
6 verbose parsed url   auth: null,
6 verbose parsed url   host: null,
6 verbose parsed url   port: null,
6 verbose parsed url   hostname: null,
6 verbose parsed url   hash: null,
6 verbose parsed url   search: null,
6 verbose parsed url   query: null,
6 verbose parsed url   pathname: 'node-cron',
6 verbose parsed url   path: 'node-cron',
6 verbose parsed url   href: 'node-cron' }
7 silly lockFile 7f071c36-node-cron node-cron
8 verbose lock node-cron /home/ubuntu/.npm/7f071c36-node-cron.lock
9 silly lockFile 7f071c36-node-cron node-cron
10 silly lockFile 7f071c36-node-cron node-cron
11 verbose addNamed [ 'node-cron', '' ]
12 verbose addNamed [ null, '*' ]
13 silly lockFile 4b1aaa17-node-cron node-cron@
14 verbose lock node-cron@ /home/ubuntu/.npm/4b1aaa17-node-cron.lock
15 silly addNameRange { name: 'node-cron', range: '*', hasData: false }
16 verbose request where is /node-cron
17 verbose request registry https://registry.npmjs.org/
18 verbose request id eaacf072e782394b
19 verbose url raw /node-cron
20 verbose url resolving [ 'https://registry.npmjs.org/', './node-cron' ]
21 verbose url resolved https://registry.npmjs.org/node-cron
22 verbose request where is https://registry.npmjs.org/node-cron
23 info trying registry request attempt 1 at 10:50:19
24 http GET https://registry.npmjs.org/node-cron
25 http 404 https://registry.npmjs.org/node-cron
26 verbose headers { date: 'Tue, 03 Feb 2015 01:50:20 GMT',
26 verbose headers   server: 'CouchDB/1.5.0 (Erlang OTP/R16B03)',
26 verbose headers   'content-type': 'application/json',
26 verbose headers   'cache-control': 'max-age=0',
26 verbose headers   'content-length': '52',
26 verbose headers   'accept-ranges': 'bytes',
26 verbose headers   via: '1.1 varnish',
26 verbose headers   age: '0',
26 verbose headers   'x-served-by': 'cache-dfw1827-DFW',
26 verbose headers   'x-cache': 'MISS',
26 verbose headers   'x-cache-hits': '0',
26 verbose headers   'x-timer': 'S1422928220.108302,VS0,VE63',
26 verbose headers   'keep-alive': 'timeout=10, max=50',
26 verbose headers   connection: 'Keep-Alive' }
27 silly registry.get cb [ 404,
27 silly registry.get   { date: 'Tue, 03 Feb 2015 01:50:20 GMT',
27 silly registry.get     server: 'CouchDB/1.5.0 (Erlang OTP/R16B03)',
27 silly registry.get     'content-type': 'application/json',
27 silly registry.get     'cache-control': 'max-age=0',
27 silly registry.get     'content-length': '52',
27 silly registry.get     'accept-ranges': 'bytes',
27 silly registry.get     via: '1.1 varnish',
27 silly registry.get     age: '0',
27 silly registry.get     'x-served-by': 'cache-dfw1827-DFW',
27 silly registry.get     'x-cache': 'MISS',
27 silly registry.get     'x-cache-hits': '0',
27 silly registry.get     'x-timer': 'S1422928220.108302,VS0,VE63',
27 silly registry.get     'keep-alive': 'timeout=10, max=50',
27 silly registry.get     connection: 'Keep-Alive' } ]
28 silly lockFile 4b1aaa17-node-cron node-cron@
29 silly lockFile 4b1aaa17-node-cron node-cron@
30 error 404 404 Not Found: node-cron
30 error 404
30 error 404 'node-cron' is not in the npm registry.
30 error 404 You should bug the author to publish it
30 error 404
30 error 404 Maybe try 'npm search cron'
30 error 404
30 error 404 Note that you can also install from a
30 error 404 tarball, folder, or http url, or git url.
31 error System Linux 3.14.13-c9
32 error command "/home/ubuntu/.nvm/v0.10.33/bin/node" "/home/ubuntu/.nvm/v0.10.33/bin/npm" "install" "node-cron"
33 error cwd /home/ubuntu/workspace/node-scheduler
34 error node -v v0.10.33
35 error npm -v 1.4.28
36 error code E404
37 verbose exit [ 1, true ]
